The input data is:

A
	B 1 mi via bridge
B
	A 1 mi via bridge
	C 1 mi via bridge
C
	B 1 mi via bridge

The road upgrading goal can be achieved at minimal cost by upgrading:
    B to A
    C to B

Connected components in event of a major storm are
   If all bridges fail, the following towns would form an isolated group:
        A

   If all bridges fail, the following towns would form an isolated group:
        B

   If all bridges fail, the following towns would form an isolated group:
        C

Obliterating any of the following would result in the province becoming disconnected: 
    B


------------------------------------------------------------------